              1111233334322332                    11         121
               11111234531         11         11         1   121
       11            13442        122                  1221     
      121              2221        121             11  2442     
    11121                  1       13321         112211244311   
    1     111              111   123432       1111123212333211  
   11      1              23331 1223331        1212232 1222111  
   22           111      1343321221 1           111121  221  11 
   131         1211   11123321  11      1       22      11    22
2  13211       121    11 111            1       22            23
31  2222211     1                               12            13
31    122121        1             11             1   111       2
2      22111        1             221             1122331      2
1                   1          111221  121        12333321     1
             1     22          233331  222         233221111 111
             1    132          233331 1221         122   122221 
                   1           112221  1           122   13431  
                              1    1       11      12211113431  
       2321                   1            12111   2332   122111
1      3542      1                         12122   2331     1222
       34321    11                           111   2321     1221
       121                                         2321       1 
                       11                          23221        
         1              11                         233321      1
 1       111             1                         234422221    
        11 1                   11   11          111234422343    
       22           121       1221  11           223443113431   
      1331         13331   1112331               34443   222    
      1221 1        2331  111 1221       1       24541          
       11121        1221                1221      233           
 1      12321       222                13332       221          
 1      134332      2221             1233332       1221         
        123332      11221   1221    13333331       1232   11    
       1212221        23321112221  123322221        121   11    
     1233211          1321 111122  122111221         1     1    
     1244332           11   11222   111 11221121     1          
     11344431              111232   111  111  1        1    11  
    1  13332               1111221  221             1       111 
        1221               1   1221122             11       11  
        121           1         222332           111       11   
   1    11           132        121231           1       1  1   
  22   1221          2321    11111 111           1 11   221     
 132   233321        11  11111111    1     2221111121  1331     
 121   3444431  11       1111             12322223321 1221      
  11   3433431  11       1                122223444321232       
       1221221     1     1               1111 13444322342   111 
        1   11    122                  1   11  23433222431  121 
             1    232                122        23321 1231   22 
        1   121   231                 11         123211221   232
21     12   121   11      1                       23321111   123
21     23   121  11      1221                      2221        1
11    1331  1    11      1232   111                121          
11    1332111     1     122221 111    1             1           
11     12221      11  1111  1111                                
1       111    11232   11                                       
        11     22232         1                  1           11  
        22     12221                                  11   232  
     11221     12221              11            1     1    2321 
     1221      12331111121       1221         1232         24431
      121  11   1232112222122    111        111232          3441
       22111111  121 122111231  111            111          2331
  11   12111 11   111121 1245432111                 1       1221
 122              11222222456542   1              111           
 121           1  22222333455431   1              221           

