  211    11        1       132  1 12       111  1  12223343     
  11     121       1       122  1  1       11   11  1223431 21  
1         11    1111        222        1        122  11122 121 1
1        1   1 12211  1    12221       1111     1221    11 11   
      11122121 2211        11 1111 111111121      1        11   
  11     11122 1111       11    111232211121        121  13321  
 122      11111   111      1     12332111111     122321 13442   
 121   22     121 121      11    1222            12221   232    
  1    11   21 22 121     111     11  2321       111            
1   111    233 12 121     121   1    1332   1    1      1       
111  11    133 11  11     11    1 11 1331 122          12       
11         133  1    121  11  11  11  22 1331         1221      
           232       1331111  1   1  11  3431   111    1111     
      1  123331    122332111     11 111 24541   11        1     
      2222343321   132332111   1221 11  34421   11  1           
      22223432232  122221111   2221    1332     11  1           
1     11  2321121   1221  11  1232     122  11  1       11  11  
11        11   1  1  11   121  221      11  11          11 11  1
         11    1  11     122    11      222             11 11   
         11    21 1111  1232    121 111 122             11      
1              21       134321  231  1  1221                   1
1111                11   1332221221 11  121    11              1
21            11   1221   122111121 221   1   111              1
21 12   11    11  2232    1111 1121 121   11      1  111       2
   221      11 1 13332  11  11           111        11111       
    1111    11   12221  11  11          1111    11  1   11      
1    12321  11              11  1   221 11111   11              
21   134321 11       12  11 12     2321 1221    1              1
21   124431 12       121    221  123331  11           11       2
221    2331 121   111      1221  223321       11221  1231   1  1
2331   122111222211221     111   11111  1     1232 122332  121 1
2331   111    23321121                  121    111 244331  221 2
232   1221  1  3321122      1      1 12 121        24432  122  1
231  12221  22  22112221   11     11 121 21 1       232 1111  11
33   12221  231 111112331     121 12  21         12  1 1221   12
43   12321  12  111  233221   122  1             111   122    13
43   1232   11  111 111  11        1              1        11124
32    232   11  111222   1   11          121   11    12112332123
1   1 12211     112343   11              121  122    12224432112
   12  23332     12343   21      112321     11111     1223443322
 1121  12332       1331 232 11  23444331   1221     1    1233321
        1221 1       111231 22 134433331    11             13221
    111      111  121    11 22 13321 11                 1  12211
   111       11    21     1  1 121                 111      11  
 1         111     1      11                       111    1 1   
 11  12221  121                    1   11     111  1111  22111  
 11  13332   11                    111 12211  121    11 122211  
  1  133321   1  1              11121   2221  1121   11  11    1
     1222211            121121 12332     11          11      111
1    11 112111     1    123331  1231  11  11        11      1222
1    1   122221   1111   123321  1221  1  2221 11            111
  1      11222   111122           1221    122                   
  11  11  1232  1  11211     1      11     11    11    1        
   1111  12332 11           1221           11   121    1111     
    11 1222322  1  11      1111     1     121   121   2321      
    11 12211      111   11            111 132   121  1331       
    1   1   11    11    1  11  111         22    11  1221     11
1  121   123441  11        11 1222       1 121 1          11  12
1  11  11234542  11  1       12111       21    1              11
1         12332  1  111    1222     1    121      1 11 1        
1  11       121     1222   1222     11    11        22          
  12222211  122    111231   1221    21          1   121   111   
  11122221   12   11  121  1222     11         11        121    
  11 1111     1   11   1   232                 11  11   1232    

